Unity Editor version:    2021.2.2f1 (5e2b1e92c7f8)
Branch:                  2021.2/staging
Build type:              Release
Batch mode:              YES
macOS version:           Version 11.6.1 (Build 20G224)
Darwin version:          20.6.0
Architecture:            x86_64
Running under Rosetta:   NO
Available memory:        16384 MB
Using pre-set license
Pro License: NO

COMMAND LINE ARGUMENTS:
/Applications/Unity/Hub/Editor/2021.2.2f1/Unity.app/Contents/MacOS/Unity
-adb2
-batchMode
-noUpm
-name
AssetImportWorker0
-projectPath
/Users/Dmitry/Unity/Z Project
-logFile
Logs/AssetImportWorker0.log
-srvPort
60504
Successfully changed project path to: /Users/Dmitry/Unity/Z Project
/Users/Dmitry/Unity/Z Project
[UnityMemory] Configuration Parameters - Can be set up in boot.config
    "memorysetup-bucket-allocator-granularity=16"
    "memorysetup-bucket-allocator-bucket-count=8"
    "memorysetup-bucket-allocator-block-size=33554432"
    "memorysetup-bucket-allocator-block-count=8"
    "memorysetup-main-allocator-block-size=16777216"
    "memorysetup-thread-allocator-block-size=16777216"
    "memorysetup-gfx-main-allocator-block-size=16777216"
    "memorysetup-gfx-thread-allocator-block-size=16777216"
    "memorysetup-cache-allocator-block-size=4194304"
    "memorysetup-typetree-allocator-block-size=2097152"
    "memorysetup-profiler-bucket-allocator-granularity=16"
    "memorysetup-profiler-bucket-allocator-bucket-count=8"
    "memorysetup-profiler-bucket-allocator-block-size=33554432"
    "memorysetup-profiler-bucket-allocator-block-count=8"
    "memorysetup-profiler-allocator-block-size=16777216"
    "memorysetup-profiler-editor-allocator-block-size=1048576"
    "memorysetup-temp-allocator-size-main=16777216"
    "memorysetup-job-temp-allocator-block-size=2097152"
    "memorysetup-job-temp-allocator-block-size-background=1048576"
    "memorysetup-job-temp-allocator-reduction-small-platforms=262144"
    "memorysetup-temp-allocator-size-background-worker=32768"
    "memorysetup-temp-allocator-size-job-worker=262144"
    "memorysetup-temp-allocator-size-preload-manager=33554432"
    "memorysetup-temp-allocator-size-nav-mesh-worker=65536"
    "memorysetup-temp-allocator-size-audio-worker=65536"
    "memorysetup-temp-allocator-size-cloud-worker=32768"
    "memorysetup-temp-allocator-size-gi-baking-worker=262144"
    "memorysetup-temp-allocator-size-gfx=262144"
Refreshing native plugins compatible for Editor in 134.41 ms, found 2 plugins.
Preloading 0 native plugins for Editor in 0.00 ms.
Initialize engine version: 2021.2.2f1 (5e2b1e92c7f8)
[Subsystems] Discovering subsystems at path /Applications/Unity/Hub/Editor/2021.2.2f1/Unity.app/Contents/Resources/UnitySubsystems
[Subsystems] Discovering subsystems at path /Users/Dmitry/Unity/Z Project/Assets
GfxDevice: creating device client; threaded=0; jobified=0
Color LCD preferred device: AMD Radeon Pro 460 (high power)
Metal devices available: 2
0: AMD Radeon Pro 460 (high power)
1: Intel(R) HD Graphics 530 (low power)
Using device AMD Radeon Pro 460 (high power)
Initializing Metal device caps: AMD Radeon Pro 460
Initialize mono
Mono path[0] = '/Applications/Unity/Hub/Editor/2021.2.2f1/Unity.app/Contents/Managed'
Mono path[1] = '/Applications/Unity/Hub/Editor/2021.2.2f1/Unity.app/Contents/MonoBleedingEdge/lib/mono/unityjit-macos'
Mono config path = '/Applications/Unity/Hub/Editor/2021.2.2f1/Unity.app/Contents/MonoBleedingEdge/etc'
Using monoOptions --debugger-agent=transport=dt_socket,embedding=1,server=y,suspend=n,address=127.0.0.1:56749
Begin MonoManager ReloadAssembly
Registering precompiled unity dll's ...
Register platform support module: /Applications/Unity/Hub/Editor/2021.2.2f1/Unity.app/Contents/PlaybackEngines/MacStandaloneSupport/UnityEditor.OSXStandalone.Extensions.dll
Registered in 0.001603 seconds.
Native extension for OSXStandalone target not found
Refreshing native plugins compatible for Editor in 138.31 ms, found 2 plugins.
Preloading 0 native plugins for Editor in 0.00 ms.
Mono: successfully reloaded assembly
- Completed reload, in  0.961 seconds
Domain Reload Profiling:
	ReloadAssembly (962ms)
		BeginReloadAssembly (81ms)
			ExecutionOrderSort (0ms)
			DisableScriptedObjects (0ms)
			BackupInstance (0ms)
			ReleaseScriptingObjects (0ms)
			CreateAndSetChildDomain (1ms)
		EndReloadAssembly (760ms)
			LoadAssemblies (80ms)
			RebuildTransferFunctionScriptingTraits (0ms)
			SetupTypeCache (171ms)
			ReleaseScriptCaches (0ms)
			RebuildScriptCaches (49ms)
			SetupLoadedEditorAssemblies (466ms)
				LogAssemblyErrors (0ms)
				InitializePlatformSupportModulesInManaged (17ms)
				SetLoadedEditorAssemblies (1ms)
				RefreshPlugins (138ms)
				BeforeProcessingInitializeOnLoad (2ms)
				ProcessInitializeOnLoadAttributes (243ms)
				ProcessInitializeOnLoadMethodAttributes (64ms)
				AfterProcessingInitializeOnLoad (0ms)
				EditorAssembliesLoaded (0ms)
			ExecutionOrderSort2 (0ms)
			AwakeInstancesAfterBackupRestoration (0ms)
Platform modules already initialized, skipping
Registering precompiled user dll's ...
Registered in 0.004530 seconds.
Begin MonoManager ReloadAssembly
Symbol file LoadedFromMemory doesn't match image /Users/Dmitry/Unity/Z Project/Library/PackageCache/com.unity.visualscripting@1.7.5/Editor/VisualScripting.Core/Dependencies/YamlDotNet/Unity.VisualScripting.YamlDotNet.dll
Symbol file LoadedFromMemory doesn't match image /Users/Dmitry/Unity/Z Project/Library/PackageCache/com.unity.visualscripting@1.7.5/Editor/VisualScripting.Core/Dependencies/DotNetZip/Unity.VisualScripting.IonicZip.dll
Native extension for OSXStandalone target not found
Refreshing native plugins compatible for Editor in 1.17 ms, found 2 plugins.
Preloading 0 native plugins for Editor in 0.00 ms.
Mono: successfully reloaded assembly
- Completed reload, in  2.141 seconds
Domain Reload Profiling:
	ReloadAssembly (2144ms)
		BeginReloadAssembly (264ms)
			ExecutionOrderSort (0ms)
			DisableScriptedObjects (13ms)
			BackupInstance (0ms)
			ReleaseScriptingObjects (0ms)
			CreateAndSetChildDomain (41ms)
		EndReloadAssembly (1742ms)
			LoadAssemblies (90ms)
			RebuildTransferFunctionScriptingTraits (0ms)
			SetupTypeCache (408ms)
			ReleaseScriptCaches (1ms)
			RebuildScriptCaches (92ms)
			SetupLoadedEditorAssemblies (972ms)
				LogAssemblyErrors (0ms)
				InitializePlatformSupportModulesInManaged (12ms)
				SetLoadedEditorAssemblies (1ms)
				RefreshPlugins (1ms)
				BeforeProcessingInitializeOnLoad (101ms)
				ProcessInitializeOnLoadAttributes (814ms)
				ProcessInitializeOnLoadMethodAttributes (40ms)
				AfterProcessingInitializeOnLoad (2ms)
				EditorAssembliesLoaded (0ms)
			ExecutionOrderSort2 (0ms)
			AwakeInstancesAfterBackupRestoration (6ms)
Platform modules already initialized, skipping
========================================================================
Worker process is ready to serve import requests
Launching external process: /Applications/Unity/Hub/Editor/2021.2.2f1/Unity.app/Contents/Tools/UnityShaderCompiler
Launched and connected shader compiler UnityShaderCompiler after 0.02 seconds
Refreshing native plugins compatible for Editor in 1.15 ms, found 2 plugins.
Preloading 0 native plugins for Editor in 0.00 ms.
Unloading 3414 Unused Serialized files (Serialized files now loaded: 0)
Unloading 42 unused Assets / (0.6 MB). Loaded Objects now: 3906.
Memory consumption went from 333.7 MB to 333.1 MB.
Total: 5.441459 ms (FindLiveObjects: 0.473110 ms CreateObjectMapping: 0.369434 ms MarkObjects: 4.115797 ms  DeleteObjects: 0.481667 ms)

AssetImportParameters requested are different than current active one (requested -> active):
  custom:video-decoder-ogg-theora: a1e56fd34408186e4bbccfd4996cb3dc -> 
  custom:container-muxer-webm: aa71ff27fc2769a1b78a27578f13a17b -> 
  custom:container-demuxer-webm: 4f35f7cbe854078d1ac9338744f61a02 -> 
  custom:video-encoder-webm-vp8: eb34c28f22e8b96e1ab97ce403110664 -> 
  custom:framework-osx-AVFoundation: e770b220cccbd017edd2c1fefb359320 -> 
  custom:audio-encoder-webm-vorbis: bf7c407c2cedff20999df2af8eb42d56 -> 
  custom:container-demuxer-ogg: 62fdf1f143b41e24485cea50d1cbac27 -> 
  custom:video-decoder-webm-vp8: 9c59270c3fd7afecdb556c50c9e8de78 -> 
  custom:audio-decoder-ogg-vorbis: bf7c407c2cedff20999df2af8eb42d56 -> 
========================================================================
Received Import Request.
  Time since last request: 90302.208822 seconds.
  path: Assets/_FreedomForZombie/ScriptableObjects/Zombies/SecondFour/Strong and expensive Zombie.asset
  artifactKey: Guid(357d9ab79df8f45edbb86c9594d4619a) Importer(815301076,1909f56bfc062723c751e8b465ee728b)
Start importing Assets/_FreedomForZombie/ScriptableObjects/Zombies/SecondFour/Strong and expensive Zombie.asset using Guid(357d9ab79df8f45edbb86c9594d4619a) Importer(815301076,1909f56bfc062723c751e8b465ee728b)  -> (artifact id: '8af98c11052f597dc6a95af4b1b15229') in 1.059123 seconds 
========================================================================
Received Import Request.
  Time since last request: 10.649816 seconds.
  path: Assets/_FreedomForZombie/ScriptableObjects/Zombies/SecondFour/Strong and expensive Zombie.asset
  artifactKey: Guid(357d9ab79df8f45edbb86c9594d4619a) Importer(815301076,1909f56bfc062723c751e8b465ee728b)
Start importing Assets/_FreedomForZombie/ScriptableObjects/Zombies/SecondFour/Strong and expensive Zombie.asset using Guid(357d9ab79df8f45edbb86c9594d4619a) Importer(815301076,1909f56bfc062723c751e8b465ee728b)  -> (artifact id: '3a86b8b4ebd062d81de9e798777b9540') in 0.032465 seconds 
========================================================================
Received Import Request.
  Time since last request: 51.454069 seconds.
  path: Assets/_FreedomForZombie/Animation/PunkZombieAnimator.controller
  artifactKey: Guid(0dce3ba040dee4ba5b432cea8b87066a) Importer(815301076,1909f56bfc062723c751e8b465ee728b)
Start importing Assets/_FreedomForZombie/Animation/PunkZombieAnimator.controller using Guid(0dce3ba040dee4ba5b432cea8b87066a) Importer(815301076,1909f56bfc062723c751e8b465ee728b)  -> (artifact id: '6b11091d5c8e966dbcdbe315709f10a4') in 0.370348 seconds 
========================================================================
Received Prepare
Registering precompiled user dll's ...
Registered in 0.009133 seconds.
Begin MonoManager ReloadAssembly
Symbol file LoadedFromMemory doesn't match image /Users/Dmitry/Unity/Z Project/Library/PackageCache/com.unity.visualscripting@1.7.5/Editor/VisualScripting.Core/Dependencies/YamlDotNet/Unity.VisualScripting.YamlDotNet.dll
Symbol file LoadedFromMemory doesn't match image /Users/Dmitry/Unity/Z Project/Library/PackageCache/com.unity.visualscripting@1.7.5/Editor/VisualScripting.Core/Dependencies/DotNetZip/Unity.VisualScripting.IonicZip.dll
Native extension for OSXStandalone target not found
Refreshing native plugins compatible for Editor in 1.43 ms, found 2 plugins.
Preloading 0 native plugins for Editor in 0.00 ms.
Mono: successfully reloaded assembly
- Completed reload, in  2.160 seconds
Domain Reload Profiling:
	ReloadAssembly (2162ms)
		BeginReloadAssembly (201ms)
			ExecutionOrderSort (0ms)
			DisableScriptedObjects (8ms)
			BackupInstance (0ms)
			ReleaseScriptingObjects (0ms)
			CreateAndSetChildDomain (92ms)
		EndReloadAssembly (1818ms)
			LoadAssemblies (94ms)
			RebuildTransferFunctionScriptingTraits (0ms)
			SetupTypeCache (445ms)
			ReleaseScriptCaches (2ms)
			RebuildScriptCaches (79ms)
			SetupLoadedEditorAssemblies (999ms)
				LogAssemblyErrors (0ms)
				InitializePlatformSupportModulesInManaged (12ms)
				SetLoadedEditorAssemblies (1ms)
				RefreshPlugins (1ms)
				BeforeProcessingInitializeOnLoad (74ms)
				ProcessInitializeOnLoadAttributes (864ms)
				ProcessInitializeOnLoadMethodAttributes (44ms)
				AfterProcessingInitializeOnLoad (3ms)
				EditorAssembliesLoaded (0ms)
			ExecutionOrderSort2 (0ms)
			AwakeInstancesAfterBackupRestoration (10ms)
Platform modules already initialized, skipping
Switching build target platform(2) subTarget(0) extendedPlatform(0) -> platform(13) subTarget(0) extendedPlatform(0)
Refreshing native plugins compatible for Editor in 1.68 ms, found 2 plugins.
Preloading 0 native plugins for Editor in 0.00 ms.
Unloading 3385 Unused Serialized files (Serialized files now loaded: 0)
Unloading 39 unused Assets / (0.6 MB). Loaded Objects now: 3909.
Memory consumption went from 339.9 MB to 339.3 MB.
Total: 5.326508 ms (FindLiveObjects: 0.537673 ms CreateObjectMapping: 0.331054 ms MarkObjects: 4.045115 ms  DeleteObjects: 0.411415 ms)

AssetImportParameters requested are different than current active one (requested -> active):
  custom:video-decoder-ogg-theora: a1e56fd34408186e4bbccfd4996cb3dc -> 
  custom:container-muxer-webm: aa71ff27fc2769a1b78a27578f13a17b -> 
  custom:container-demuxer-webm: 4f35f7cbe854078d1ac9338744f61a02 -> 
  custom:video-encoder-webm-vp8: eb34c28f22e8b96e1ab97ce403110664 -> 
  custom:framework-osx-AVFoundation: e770b220cccbd017edd2c1fefb359320 -> 
  custom:audio-encoder-webm-vorbis: bf7c407c2cedff20999df2af8eb42d56 -> 
  custom:container-demuxer-ogg: 62fdf1f143b41e24485cea50d1cbac27 -> 
  custom:video-decoder-webm-vp8: 9c59270c3fd7afecdb556c50c9e8de78 -> 
  custom:audio-decoder-ogg-vorbis: bf7c407c2cedff20999df2af8eb42d56 -> 
========================================================================
Received Import Request.
  Time since last request: 106.519585 seconds.
  path: Assets/_FreedomForZombie/ScriptableObjects/Zombies/SecondFour/Strong and expensive Zombie.asset
  artifactKey: Guid(357d9ab79df8f45edbb86c9594d4619a) Importer(815301076,1909f56bfc062723c751e8b465ee728b)
Start importing Assets/_FreedomForZombie/ScriptableObjects/Zombies/SecondFour/Strong and expensive Zombie.asset using Guid(357d9ab79df8f45edbb86c9594d4619a) Importer(815301076,1909f56bfc062723c751e8b465ee728b)  -> (artifact id: 'b1286b69579a5c0aa6cf1bb6813163cf') in 0.122261 seconds 
========================================================================
Received Import Request.
  Time since last request: 9.891207 seconds.
  path: Assets/_FreedomForZombie/ScriptableObjects/Zombies/SecondFour/Strong and expensive Zombie.asset
  artifactKey: Guid(357d9ab79df8f45edbb86c9594d4619a) Importer(815301076,1909f56bfc062723c751e8b465ee728b)
Start importing Assets/_FreedomForZombie/ScriptableObjects/Zombies/SecondFour/Strong and expensive Zombie.asset using Guid(357d9ab79df8f45edbb86c9594d4619a) Importer(815301076,1909f56bfc062723c751e8b465ee728b)  -> (artifact id: 'fc209b50e88de4564a66888ff2c2e7cf') in 0.029002 seconds 
========================================================================
Received Prepare
Registering precompiled user dll's ...
Registered in 0.004433 seconds.
Begin MonoManager ReloadAssembly
Symbol file LoadedFromMemory doesn't match image /Users/Dmitry/Unity/Z Project/Library/PackageCache/com.unity.visualscripting@1.7.5/Editor/VisualScripting.Core/Dependencies/YamlDotNet/Unity.VisualScripting.YamlDotNet.dll
Symbol file LoadedFromMemory doesn't match image /Users/Dmitry/Unity/Z Project/Library/PackageCache/com.unity.visualscripting@1.7.5/Editor/VisualScripting.Core/Dependencies/DotNetZip/Unity.VisualScripting.IonicZip.dll
Native extension for OSXStandalone target not found
Refreshing native plugins compatible for Editor in 1.05 ms, found 2 plugins.
Preloading 0 native plugins for Editor in 0.00 ms.
Mono: successfully reloaded assembly
- Completed reload, in  2.072 seconds
Domain Reload Profiling:
	ReloadAssembly (2073ms)
		BeginReloadAssembly (187ms)
			ExecutionOrderSort (0ms)
			DisableScriptedObjects (8ms)
			BackupInstance (0ms)
			ReleaseScriptingObjects (0ms)
			CreateAndSetChildDomain (85ms)
		EndReloadAssembly (1751ms)
			LoadAssemblies (93ms)
			RebuildTransferFunctionScriptingTraits (0ms)
			SetupTypeCache (383ms)
			ReleaseScriptCaches (1ms)
			RebuildScriptCaches (72ms)
			SetupLoadedEditorAssemblies (1009ms)
				LogAssemblyErrors (0ms)
				InitializePlatformSupportModulesInManaged (11ms)
				SetLoadedEditorAssemblies (1ms)
				RefreshPlugins (1ms)
				BeforeProcessingInitializeOnLoad (83ms)
				ProcessInitializeOnLoadAttributes (876ms)
				ProcessInitializeOnLoadMethodAttributes (34ms)
				AfterProcessingInitializeOnLoad (3ms)
				EditorAssembliesLoaded (0ms)
			ExecutionOrderSort2 (0ms)
			AwakeInstancesAfterBackupRestoration (8ms)
Platform modules already initialized, skipping
Switching build target platform(2) subTarget(0) extendedPlatform(0) -> platform(13) subTarget(0) extendedPlatform(0)
Refreshing native plugins compatible for Editor in 1.85 ms, found 2 plugins.
Preloading 0 native plugins for Editor in 0.00 ms.
Unloading 3385 Unused Serialized files (Serialized files now loaded: 0)
Unloading 39 unused Assets / (0.6 MB). Loaded Objects now: 3912.
Memory consumption went from 340.4 MB to 339.8 MB.
Total: 5.765758 ms (FindLiveObjects: 0.411251 ms CreateObjectMapping: 0.283441 ms MarkObjects: 4.505648 ms  DeleteObjects: 0.564424 ms)

AssetImportParameters requested are different than current active one (requested -> active):
  custom:video-decoder-ogg-theora: a1e56fd34408186e4bbccfd4996cb3dc -> 
  custom:container-muxer-webm: aa71ff27fc2769a1b78a27578f13a17b -> 
  custom:container-demuxer-webm: 4f35f7cbe854078d1ac9338744f61a02 -> 
  custom:video-encoder-webm-vp8: eb34c28f22e8b96e1ab97ce403110664 -> 
  custom:framework-osx-AVFoundation: e770b220cccbd017edd2c1fefb359320 -> 
  custom:audio-encoder-webm-vorbis: bf7c407c2cedff20999df2af8eb42d56 -> 
  custom:container-demuxer-ogg: 62fdf1f143b41e24485cea50d1cbac27 -> 
  custom:video-decoder-webm-vp8: 9c59270c3fd7afecdb556c50c9e8de78 -> 
  custom:audio-decoder-ogg-vorbis: bf7c407c2cedff20999df2af8eb42d56 -> 
========================================================================
Received Import Request.
  Time since last request: 104.491160 seconds.
  path: Assets/_FreedomForZombie/ScriptableObjects/Zombies/Big Health Zombie.asset
  artifactKey: Guid(978b467814df84e8d9d6251d5cf8e9fd) Importer(815301076,1909f56bfc062723c751e8b465ee728b)
Start importing Assets/_FreedomForZombie/ScriptableObjects/Zombies/Big Health Zombie.asset using Guid(978b467814df84e8d9d6251d5cf8e9fd) Importer(815301076,1909f56bfc062723c751e8b465ee728b)  -> (artifact id: '4959a7ebfb1c633fa46bcac172636783') in 0.122531 seconds 
========================================================================
Received Import Request.
  Time since last request: 2.867351 seconds.
  path: Assets/_FreedomForZombie/ScriptableObjects/Zombies/Expensive Zombie.asset
  artifactKey: Guid(44614a02f2b944cdf9202f3c772e66c7) Importer(815301076,1909f56bfc062723c751e8b465ee728b)
Start importing Assets/_FreedomForZombie/ScriptableObjects/Zombies/Expensive Zombie.asset using Guid(44614a02f2b944cdf9202f3c772e66c7) Importer(815301076,1909f56bfc062723c751e8b465ee728b)  -> (artifact id: 'fff10d21d36105507045c9bc22979290') in 0.031214 seconds 
========================================================================
Received Import Request.
  Time since last request: 2.056713 seconds.
  path: Assets/_FreedomForZombie/ScriptableObjects/Zombies/Go To Altar Zombie.asset
  artifactKey: Guid(ec352598d5f854b459cd5456cbead60a) Importer(815301076,1909f56bfc062723c751e8b465ee728b)
Start importing Assets/_FreedomForZombie/ScriptableObjects/Zombies/Go To Altar Zombie.asset using Guid(ec352598d5f854b459cd5456cbead60a) Importer(815301076,1909f56bfc062723c751e8b465ee728b)  -> (artifact id: '2ee0b30a824311fa09a950da0ba25180') in 0.032566 seconds 
========================================================================
Received Import Request.
  Time since last request: 71.842603 seconds.
  path: Assets/_FreedomForZombie/ScriptableObjects/Zombies/Priest Zombie.asset
  artifactKey: Guid(8d16796017361448ba4cee7db5650fa6) Importer(815301076,1909f56bfc062723c751e8b465ee728b)
Start importing Assets/_FreedomForZombie/ScriptableObjects/Zombies/Priest Zombie.asset using Guid(8d16796017361448ba4cee7db5650fa6) Importer(815301076,1909f56bfc062723c751e8b465ee728b)  -> (artifact id: '7e19bfb00178f9b909779ba5b89aa7d1') in 0.005830 seconds 
========================================================================
Received Import Request.
  Time since last request: 215.853413 seconds.
  path: Assets/_FreedomForZombie/ScriptableObjects/Zombies/Expensive Zombie.asset
  artifactKey: Guid(44614a02f2b944cdf9202f3c772e66c7) Importer(815301076,1909f56bfc062723c751e8b465ee728b)
Start importing Assets/_FreedomForZombie/ScriptableObjects/Zombies/Expensive Zombie.asset using Guid(44614a02f2b944cdf9202f3c772e66c7) Importer(815301076,1909f56bfc062723c751e8b465ee728b)  -> (artifact id: '2c4a5eec2f84218448d9cdbe548f25ed') in 0.029236 seconds 
========================================================================
Received Import Request.
  Time since last request: 7.226047 seconds.
  path: Assets/_FreedomForZombie/ScriptableObjects/Zombies/Expensive Zombie.asset
  artifactKey: Guid(44614a02f2b944cdf9202f3c772e66c7) Importer(815301076,1909f56bfc062723c751e8b465ee728b)
Start importing Assets/_FreedomForZombie/ScriptableObjects/Zombies/Expensive Zombie.asset using Guid(44614a02f2b944cdf9202f3c772e66c7) Importer(815301076,1909f56bfc062723c751e8b465ee728b)  -> (artifact id: '8b27970cbffd4b024288527efb92d9cd') in 0.031973 seconds 
========================================================================
Received Import Request.
  Time since last request: 18.624242 seconds.
  path: Assets/_FreedomForZombie/ScriptableObjects/Zombies/Expensive Zombie.asset
  artifactKey: Guid(44614a02f2b944cdf9202f3c772e66c7) Importer(815301076,1909f56bfc062723c751e8b465ee728b)
Start importing Assets/_FreedomForZombie/ScriptableObjects/Zombies/Expensive Zombie.asset using Guid(44614a02f2b944cdf9202f3c772e66c7) Importer(815301076,1909f56bfc062723c751e8b465ee728b)  -> (artifact id: '26da14d5874b5b62e8919f9c20cf32ca') in 0.031832 seconds 
========================================================================
Received Import Request.
  Time since last request: 29.123479 seconds.
  path: Assets/_FreedomForZombie/ScriptableObjects/Zombies/FistFour/Bold Zombie.asset
  artifactKey: Guid(c41793a13ca764e47a1baaaac91a31b3) Importer(815301076,1909f56bfc062723c751e8b465ee728b)
Start importing Assets/_FreedomForZombie/ScriptableObjects/Zombies/FistFour/Bold Zombie.asset using Guid(c41793a13ca764e47a1baaaac91a31b3) Importer(815301076,1909f56bfc062723c751e8b465ee728b)  -> (artifact id: '333d278fc8021a794a658ae0add94d5e') in 0.033227 seconds 
========================================================================
Received Import Request.
  Time since last request: 5.607057 seconds.
  path: Assets/_FreedomForZombie/ScriptableObjects/Zombies/FistFour/Bold Zombie.asset
  artifactKey: Guid(c41793a13ca764e47a1baaaac91a31b3) Importer(815301076,1909f56bfc062723c751e8b465ee728b)
Start importing Assets/_FreedomForZombie/ScriptableObjects/Zombies/FistFour/Bold Zombie.asset using Guid(c41793a13ca764e47a1baaaac91a31b3) Importer(815301076,1909f56bfc062723c751e8b465ee728b)  -> (artifact id: '77cb09e0e43bd241a27bff4aa03b4d94') in 0.027597 seconds 
========================================================================
Received Import Request.
  Time since last request: 118.306015 seconds.
  path: Assets/_FreedomForZombie/Prefabs/Units/Zombies/big_damage_first_hit.prefab
  artifactKey: Guid(7eac1fffbd06f45848dfeea955bd5a15) Importer(815301076,1909f56bfc062723c751e8b465ee728b)
Start importing Assets/_FreedomForZombie/Prefabs/Units/Zombies/big_damage_first_hit.prefab using Guid(7eac1fffbd06f45848dfeea955bd5a15) Importer(815301076,1909f56bfc062723c751e8b465ee728b) WARNING: RGBA Compressed ASTC6X6 UNorm format is not supported, decompressing texture
WARNING: RGBA Compressed ASTC6X6 UNorm format is not supported, decompressing texture
 -> (artifact id: '3e23a47f6cd2d9a774014c8d905814f1') in 0.372661 seconds 
========================================================================
Received Import Request.
  Time since last request: 0.611971 seconds.
  path: Assets/_FreedomForZombie/Prefabs/Units/Zombies/regular_zombie.prefab
  artifactKey: Guid(14efcb81e12e44d40868ca785a003047) Importer(815301076,1909f56bfc062723c751e8b465ee728b)
Start importing Assets/_FreedomForZombie/Prefabs/Units/Zombies/regular_zombie.prefab using Guid(14efcb81e12e44d40868ca785a003047) Importer(815301076,1909f56bfc062723c751e8b465ee728b) WARNING: RGBA Compressed ASTC6X6 UNorm format is not supported, decompressing texture
WARNING: RGBA Compressed ASTC6X6 UNorm format is not supported, decompressing texture
 -> (artifact id: '228247f59b0329fa193f4531fd516859') in 0.066764 seconds 
========================================================================
Received Import Request.
  Time since last request: 23.899640 seconds.
  path: Assets/_FreedomForZombie/Prefabs/Units/Zombies/soldier_zombie.prefab
  artifactKey: Guid(14efcb81e12e44d40868ca785a003047) Importer(815301076,1909f56bfc062723c751e8b465ee728b)
Start importing Assets/_FreedomForZombie/Prefabs/Units/Zombies/soldier_zombie.prefab using Guid(14efcb81e12e44d40868ca785a003047) Importer(815301076,1909f56bfc062723c751e8b465ee728b) WARNING: RGBA Compressed ASTC6X6 UNorm format is not supported, decompressing texture
WARNING: RGBA Compressed ASTC6X6 UNorm format is not supported, decompressing texture
 -> (artifact id: '77cdaa3153c5ffdec158465f17aaed37') in 0.074331 seconds 
========================================================================
Received Import Request.
  Time since last request: 141.225593 seconds.
  path: Assets/_FreedomForZombie/Animation/RegularZombieAnimator 1.controller
  artifactKey: Guid(cce54f50de76a47b78b6c66a8d419cae) Importer(815301076,1909f56bfc062723c751e8b465ee728b)
Start importing Assets/_FreedomForZombie/Animation/RegularZombieAnimator 1.controller using Guid(cce54f50de76a47b78b6c66a8d419cae) Importer(815301076,1909f56bfc062723c751e8b465ee728b)  -> (artifact id: 'b9c5413f4a116eb805df14984340adcd') in 0.021630 seconds 
========================================================================
Received Import Request.
  Time since last request: 12.413654 seconds.
  path: Assets/_FreedomForZombie/Animation/SoldierZombieAnimator.controller
  artifactKey: Guid(cce54f50de76a47b78b6c66a8d419cae) Importer(815301076,1909f56bfc062723c751e8b465ee728b)
Start importing Assets/_FreedomForZombie/Animation/SoldierZombieAnimator.controller using Guid(cce54f50de76a47b78b6c66a8d419cae) Importer(815301076,1909f56bfc062723c751e8b465ee728b)  -> (artifact id: 'fcefe1ce84d53c66c0d6f88cc78a84b2') in 0.018926 seconds 
========================================================================
Received Import Request.
  Time since last request: 68.752121 seconds.
  path: Assets/_FreedomForZombie/Prefabs/Units/Zombies/FirstFour/healer_zombie 1.prefab
  artifactKey: Guid(25b19aef5c3954d46b812d88012f51ab) Importer(815301076,1909f56bfc062723c751e8b465ee728b)
Start importing Assets/_FreedomForZombie/Prefabs/Units/Zombies/FirstFour/healer_zombie 1.prefab using Guid(25b19aef5c3954d46b812d88012f51ab) Importer(815301076,1909f56bfc062723c751e8b465ee728b) WARNING: RGBA Compressed ASTC6X6 UNorm format is not supported, decompressing texture
WARNING: RGBA Compressed ASTC6X6 UNorm format is not supported, decompressing texture
WARNING: RGBA Compressed ASTC6X6 UNorm format is not supported, decompressing texture
WARNING: RGBA Compressed ASTC6X6 UNorm format is not supported, decompressing texture
 -> (artifact id: '940f559fdc3da9e72018e132075e0ac9') in 0.054307 seconds 
========================================================================
Received Import Request.
  Time since last request: 8.774413 seconds.
  path: Assets/_FreedomForZombie/Prefabs/Units/Zombies/soldier_zombie.prefab
  artifactKey: Guid(14efcb81e12e44d40868ca785a003047) Importer(815301076,1909f56bfc062723c751e8b465ee728b)
Start importing Assets/_FreedomForZombie/Prefabs/Units/Zombies/soldier_zombie.prefab using Guid(14efcb81e12e44d40868ca785a003047) Importer(815301076,1909f56bfc062723c751e8b465ee728b) WARNING: RGBA Compressed ASTC6X6 UNorm format is not supported, decompressing texture
WARNING: RGBA Compressed ASTC6X6 UNorm format is not supported, decompressing texture
 -> (artifact id: '8ed451e41706872cebf739f6b96959a7') in 0.069327 seconds 
========================================================================
Received Prepare
Registering precompiled user dll's ...
Registered in 0.005123 seconds.
Begin MonoManager ReloadAssembly
Symbol file LoadedFromMemory doesn't match image /Users/Dmitry/Unity/Z Project/Library/PackageCache/com.unity.visualscripting@1.7.5/Editor/VisualScripting.Core/Dependencies/YamlDotNet/Unity.VisualScripting.YamlDotNet.dll
Symbol file LoadedFromMemory doesn't match image /Users/Dmitry/Unity/Z Project/Library/PackageCache/com.unity.visualscripting@1.7.5/Editor/VisualScripting.Core/Dependencies/DotNetZip/Unity.VisualScripting.IonicZip.dll
Native extension for OSXStandalone target not found
Refreshing native plugins compatible for Editor in 1.44 ms, found 2 plugins.
Preloading 0 native plugins for Editor in 0.00 ms.
Mono: successfully reloaded assembly
- Completed reload, in  2.089 seconds
Domain Reload Profiling:
	ReloadAssembly (2089ms)
		BeginReloadAssembly (195ms)
			ExecutionOrderSort (0ms)
			DisableScriptedObjects (7ms)
			BackupInstance (0ms)
			ReleaseScriptingObjects (0ms)
			CreateAndSetChildDomain (95ms)
		EndReloadAssembly (1753ms)
			LoadAssemblies (91ms)
			RebuildTransferFunctionScriptingTraits (0ms)
			SetupTypeCache (367ms)
			ReleaseScriptCaches (1ms)
			RebuildScriptCaches (67ms)
			SetupLoadedEditorAssemblies (996ms)
				LogAssemblyErrors (0ms)
				InitializePlatformSupportModulesInManaged (14ms)
				SetLoadedEditorAssemblies (1ms)
				RefreshPlugins (2ms)
				BeforeProcessingInitializeOnLoad (83ms)
				ProcessInitializeOnLoadAttributes (852ms)
				ProcessInitializeOnLoadMethodAttributes (41ms)
				AfterProcessingInitializeOnLoad (2ms)
				EditorAssembliesLoaded (0ms)
			ExecutionOrderSort2 (0ms)
			AwakeInstancesAfterBackupRestoration (8ms)
Platform modules already initialized, skipping
Switching build target platform(2) subTarget(0) extendedPlatform(0) -> platform(13) subTarget(0) extendedPlatform(0)
Refreshing native plugins compatible for Editor in 1.26 ms, found 2 plugins.
Preloading 0 native plugins for Editor in 0.00 ms.
Unloading 3385 Unused Serialized files (Serialized files now loaded: 0)
Unloading 41 unused Assets / (0.6 MB). Loaded Objects now: 3923.
Memory consumption went from 387.1 MB to 386.5 MB.
Total: 8.136738 ms (FindLiveObjects: 0.408185 ms CreateObjectMapping: 0.373643 ms MarkObjects: 6.710487 ms  DeleteObjects: 0.642991 ms)

AssetImportParameters requested are different than current active one (requested -> active):
  custom:video-decoder-ogg-theora: a1e56fd34408186e4bbccfd4996cb3dc -> 
  custom:container-muxer-webm: aa71ff27fc2769a1b78a27578f13a17b -> 
  custom:container-demuxer-webm: 4f35f7cbe854078d1ac9338744f61a02 -> 
  custom:video-encoder-webm-vp8: eb34c28f22e8b96e1ab97ce403110664 -> 
  custom:framework-osx-AVFoundation: e770b220cccbd017edd2c1fefb359320 -> 
  custom:audio-encoder-webm-vorbis: bf7c407c2cedff20999df2af8eb42d56 -> 
  custom:container-demuxer-ogg: 62fdf1f143b41e24485cea50d1cbac27 -> 
  custom:video-decoder-webm-vp8: 9c59270c3fd7afecdb556c50c9e8de78 -> 
  custom:audio-decoder-ogg-vorbis: bf7c407c2cedff20999df2af8eb42d56 -> 
========================================================================
Received Import Request.
  Time since last request: 183.886217 seconds.
  path: Assets/_FreedomForZombie/Prefabs/Units/Zombies/punk_zombie.prefab
  artifactKey: Guid(8749fa037f2c14349ae8b748edc46055) Importer(815301076,1909f56bfc062723c751e8b465ee728b)
Start importing Assets/_FreedomForZombie/Prefabs/Units/Zombies/punk_zombie.prefab using Guid(8749fa037f2c14349ae8b748edc46055) Importer(815301076,1909f56bfc062723c751e8b465ee728b) WARNING: RGBA Compressed ASTC6X6 UNorm format is not supported, decompressing texture
WARNING: RGBA Compressed ASTC6X6 UNorm format is not supported, decompressing texture
 -> (artifact id: 'e3a22fc8c323c90690c9e5eca72e3680') in 0.219235 seconds 
========================================================================
Received Import Request.
  Time since last request: 1.071028 seconds.
  path: Assets/_FreedomForZombie/Prefabs/Units/Zombies/soldier_zombie.prefab
  artifactKey: Guid(14efcb81e12e44d40868ca785a003047) Importer(815301076,1909f56bfc062723c751e8b465ee728b)
Start importing Assets/_FreedomForZombie/Prefabs/Units/Zombies/soldier_zombie.prefab using Guid(14efcb81e12e44d40868ca785a003047) Importer(815301076,1909f56bfc062723c751e8b465ee728b) WARNING: RGBA Compressed ASTC6X6 UNorm format is not supported, decompressing texture
WARNING: RGBA Compressed ASTC6X6 UNorm format is not supported, decompressing texture
 -> (artifact id: '6633c0c290d7fe4e8f05d4069e67206f') in 0.067317 seconds 
========================================================================
Received Import Request.
  Time since last request: 15.355974 seconds.
  path: Assets/_FreedomForZombie/ScriptableObjects/Zombies/Expensive Zombie.asset
  artifactKey: Guid(44614a02f2b944cdf9202f3c772e66c7) Importer(815301076,1909f56bfc062723c751e8b465ee728b)
Start importing Assets/_FreedomForZombie/ScriptableObjects/Zombies/Expensive Zombie.asset using Guid(44614a02f2b944cdf9202f3c772e66c7) Importer(815301076,1909f56bfc062723c751e8b465ee728b)  -> (artifact id: '423050ebd8d44e1fb13f93effe70398a') in 0.031562 seconds 
========================================================================
Received Prepare
Registering precompiled user dll's ...
Registered in 0.005277 seconds.
Begin MonoManager ReloadAssembly
Symbol file LoadedFromMemory doesn't match image /Users/Dmitry/Unity/Z Project/Library/PackageCache/com.unity.visualscripting@1.7.5/Editor/VisualScripting.Core/Dependencies/YamlDotNet/Unity.VisualScripting.YamlDotNet.dll
Symbol file LoadedFromMemory doesn't match image /Users/Dmitry/Unity/Z Project/Library/PackageCache/com.unity.visualscripting@1.7.5/Editor/VisualScripting.Core/Dependencies/DotNetZip/Unity.VisualScripting.IonicZip.dll
Native extension for OSXStandalone target not found
Refreshing native plugins compatible for Editor in 1.38 ms, found 2 plugins.
Preloading 0 native plugins for Editor in 0.00 ms.
Mono: successfully reloaded assembly
- Completed reload, in  2.167 seconds
Domain Reload Profiling:
	ReloadAssembly (2169ms)
		BeginReloadAssembly (204ms)
			ExecutionOrderSort (0ms)
			DisableScriptedObjects (8ms)
			BackupInstance (0ms)
			ReleaseScriptingObjects (0ms)
			CreateAndSetChildDomain (100ms)
		EndReloadAssembly (1820ms)
			LoadAssemblies (92ms)
			RebuildTransferFunctionScriptingTraits (0ms)
			SetupTypeCache (404ms)
			ReleaseScriptCaches (1ms)
			RebuildScriptCaches (74ms)
			SetupLoadedEditorAssemblies (1028ms)
				LogAssemblyErrors (0ms)
				InitializePlatformSupportModulesInManaged (11ms)
				SetLoadedEditorAssemblies (1ms)
				RefreshPlugins (1ms)
				BeforeProcessingInitializeOnLoad (73ms)
				ProcessInitializeOnLoadAttributes (891ms)
				ProcessInitializeOnLoadMethodAttributes (47ms)
				AfterProcessingInitializeOnLoad (3ms)
				EditorAssembliesLoaded (0ms)
			ExecutionOrderSort2 (0ms)
			AwakeInstancesAfterBackupRestoration (11ms)
Platform modules already initialized, skipping
Switching build target platform(2) subTarget(0) extendedPlatform(0) -> platform(13) subTarget(0) extendedPlatform(0)
Refreshing native plugins compatible for Editor in 1.86 ms, found 2 plugins.
Preloading 0 native plugins for Editor in 0.00 ms.
Unloading 3385 Unused Serialized files (Serialized files now loaded: 0)
Unloading 41 unused Assets / (0.6 MB). Loaded Objects now: 3926.
Memory consumption went from 387.5 MB to 386.9 MB.
Total: 10.096484 ms (FindLiveObjects: 0.363641 ms CreateObjectMapping: 0.294860 ms MarkObjects: 8.801447 ms  DeleteObjects: 0.634872 ms)

AssetImportParameters requested are different than current active one (requested -> active):
  custom:video-decoder-ogg-theora: a1e56fd34408186e4bbccfd4996cb3dc -> 
  custom:container-muxer-webm: aa71ff27fc2769a1b78a27578f13a17b -> 
  custom:container-demuxer-webm: 4f35f7cbe854078d1ac9338744f61a02 -> 
  custom:video-encoder-webm-vp8: eb34c28f22e8b96e1ab97ce403110664 -> 
  custom:framework-osx-AVFoundation: e770b220cccbd017edd2c1fefb359320 -> 
  custom:audio-encoder-webm-vorbis: bf7c407c2cedff20999df2af8eb42d56 -> 
  custom:container-demuxer-ogg: 62fdf1f143b41e24485cea50d1cbac27 -> 
  custom:video-decoder-webm-vp8: 9c59270c3fd7afecdb556c50c9e8de78 -> 
  custom:audio-decoder-ogg-vorbis: bf7c407c2cedff20999df2af8eb42d56 -> 
========================================================================
Received Import Request.
  Time since last request: 92.999573 seconds.
  path: Assets/_FreedomForZombie/ScriptableObjects/Zombies/Expensive Zombie.asset
  artifactKey: Guid(44614a02f2b944cdf9202f3c772e66c7) Importer(815301076,1909f56bfc062723c751e8b465ee728b)
Start importing Assets/_FreedomForZombie/ScriptableObjects/Zombies/Expensive Zombie.asset using Guid(44614a02f2b944cdf9202f3c772e66c7) Importer(815301076,1909f56bfc062723c751e8b465ee728b)  -> (artifact id: '90377abfed925335e980de8f90e1a237') in 0.123741 seconds 
========================================================================
Received Import Request.
  Time since last request: 3.520170 seconds.
  path: Assets/_FreedomForZombie/ScriptableObjects/Zombies/Expensive Zombie.asset
  artifactKey: Guid(44614a02f2b944cdf9202f3c772e66c7) Importer(815301076,1909f56bfc062723c751e8b465ee728b)
Start importing Assets/_FreedomForZombie/ScriptableObjects/Zombies/Expensive Zombie.asset using Guid(44614a02f2b944cdf9202f3c772e66c7) Importer(815301076,1909f56bfc062723c751e8b465ee728b)  -> (artifact id: '3a5862d5479fb22d7efb48a3f2842f76') in 0.032561 seconds 
========================================================================
Received Prepare
Registering precompiled user dll's ...
Registered in 0.005197 seconds.
Begin MonoManager ReloadAssembly
Symbol file LoadedFromMemory doesn't match image /Users/Dmitry/Unity/Z Project/Library/PackageCache/com.unity.visualscripting@1.7.5/Editor/VisualScripting.Core/Dependencies/YamlDotNet/Unity.VisualScripting.YamlDotNet.dll
Symbol file LoadedFromMemory doesn't match image /Users/Dmitry/Unity/Z Project/Library/PackageCache/com.unity.visualscripting@1.7.5/Editor/VisualScripting.Core/Dependencies/DotNetZip/Unity.VisualScripting.IonicZip.dll
Native extension for OSXStandalone target not found
Refreshing native plugins compatible for Editor in 1.17 ms, found 2 plugins.
Preloading 0 native plugins for Editor in 0.00 ms.
Mono: successfully reloaded assembly
- Completed reload, in  2.091 seconds
Domain Reload Profiling:
	ReloadAssembly (2092ms)
		BeginReloadAssembly (193ms)
			ExecutionOrderSort (0ms)
			DisableScriptedObjects (7ms)
			BackupInstance (0ms)
			ReleaseScriptingObjects (0ms)
			CreateAndSetChildDomain (92ms)
		EndReloadAssembly (1765ms)
			LoadAssemblies (92ms)
			RebuildTransferFunctionScriptingTraits (0ms)
			SetupTypeCache (378ms)
			ReleaseScriptCaches (1ms)
			RebuildScriptCaches (71ms)
			SetupLoadedEditorAssemblies (1010ms)
				LogAssemblyErrors (0ms)
				InitializePlatformSupportModulesInManaged (11ms)
				SetLoadedEditorAssemblies (1ms)
				RefreshPlugins (1ms)
				BeforeProcessingInitializeOnLoad (72ms)
				ProcessInitializeOnLoadAttributes (870ms)
				ProcessInitializeOnLoadMethodAttributes (50ms)
				AfterProcessingInitializeOnLoad (4ms)
				EditorAssembliesLoaded (0ms)
			ExecutionOrderSort2 (0ms)
			AwakeInstancesAfterBackupRestoration (11ms)
Platform modules already initialized, skipping
Switching build target platform(2) subTarget(0) extendedPlatform(0) -> platform(13) subTarget(0) extendedPlatform(0)
Refreshing native plugins compatible for Editor in 1.45 ms, found 2 plugins.
Preloading 0 native plugins for Editor in 0.00 ms.
Unloading 3385 Unused Serialized files (Serialized files now loaded: 0)
Unloading 39 unused Assets / (0.6 MB). Loaded Objects now: 3929.
Memory consumption went from 387.7 MB to 387.1 MB.
Total: 5.411015 ms (FindLiveObjects: 0.363866 ms CreateObjectMapping: 0.270097 ms MarkObjects: 4.213847 ms  DeleteObjects: 0.561670 ms)

AssetImportParameters requested are different than current active one (requested -> active):
  custom:video-decoder-ogg-theora: a1e56fd34408186e4bbccfd4996cb3dc -> 
  custom:container-muxer-webm: aa71ff27fc2769a1b78a27578f13a17b -> 
  custom:container-demuxer-webm: 4f35f7cbe854078d1ac9338744f61a02 -> 
  custom:video-encoder-webm-vp8: eb34c28f22e8b96e1ab97ce403110664 -> 
  custom:framework-osx-AVFoundation: e770b220cccbd017edd2c1fefb359320 -> 
  custom:audio-encoder-webm-vorbis: bf7c407c2cedff20999df2af8eb42d56 -> 
  custom:container-demuxer-ogg: 62fdf1f143b41e24485cea50d1cbac27 -> 
  custom:video-decoder-webm-vp8: 9c59270c3fd7afecdb556c50c9e8de78 -> 
  custom:audio-decoder-ogg-vorbis: bf7c407c2cedff20999df2af8eb42d56 -> 
========================================================================
Received Import Request.
  Time since last request: 66.432241 seconds.
  path: Assets/_FreedomForZombie/ScriptableObjects/Zombies/Expensive Zombie.asset
  artifactKey: Guid(44614a02f2b944cdf9202f3c772e66c7) Importer(815301076,1909f56bfc062723c751e8b465ee728b)
Start importing Assets/_FreedomForZombie/ScriptableObjects/Zombies/Expensive Zombie.asset using Guid(44614a02f2b944cdf9202f3c772e66c7) Importer(815301076,1909f56bfc062723c751e8b465ee728b)  -> (artifact id: '362800526d30b0bafec0cfa126f7396b') in 0.131199 seconds 
========================================================================
Received Prepare
Registering precompiled user dll's ...
Registered in 0.005510 seconds.
Begin MonoManager ReloadAssembly
Symbol file LoadedFromMemory doesn't match image /Users/Dmitry/Unity/Z Project/Library/PackageCache/com.unity.visualscripting@1.7.5/Editor/VisualScripting.Core/Dependencies/YamlDotNet/Unity.VisualScripting.YamlDotNet.dll
Symbol file LoadedFromMemory doesn't match image /Users/Dmitry/Unity/Z Project/Library/PackageCache/com.unity.visualscripting@1.7.5/Editor/VisualScripting.Core/Dependencies/DotNetZip/Unity.VisualScripting.IonicZip.dll
Native extension for OSXStandalone target not found
Refreshing native plugins compatible for Editor in 1.04 ms, found 2 plugins.
Preloading 0 native plugins for Editor in 0.00 ms.
Mono: successfully reloaded assembly
- Completed reload, in  2.115 seconds
Domain Reload Profiling:
	ReloadAssembly (2116ms)
		BeginReloadAssembly (195ms)
			ExecutionOrderSort (0ms)
			DisableScriptedObjects (7ms)
			BackupInstance (0ms)
			ReleaseScriptingObjects (0ms)
			CreateAndSetChildDomain (93ms)
		EndReloadAssembly (1788ms)
			LoadAssemblies (94ms)
			RebuildTransferFunctionScriptingTraits (0ms)
			SetupTypeCache (383ms)
			ReleaseScriptCaches (1ms)
			RebuildScriptCaches (72ms)
			SetupLoadedEditorAssemblies (1042ms)
				LogAssemblyErrors (0ms)
				InitializePlatformSupportModulesInManaged (11ms)
				SetLoadedEditorAssemblies (1ms)
				RefreshPlugins (1ms)
				BeforeProcessingInitializeOnLoad (75ms)
				ProcessInitializeOnLoadAttributes (904ms)
				ProcessInitializeOnLoadMethodAttributes (47ms)
				AfterProcessingInitializeOnLoad (3ms)
				EditorAssembliesLoaded (0ms)
			ExecutionOrderSort2 (0ms)
			AwakeInstancesAfterBackupRestoration (9ms)
Platform modules already initialized, skipping
Switching build target platform(2) subTarget(0) extendedPlatform(0) -> platform(13) subTarget(0) extendedPlatform(0)
Refreshing native plugins compatible for Editor in 1.99 ms, found 2 plugins.
Preloading 0 native plugins for Editor in 0.00 ms.
Unloading 3385 Unused Serialized files (Serialized files now loaded: 0)
Unloading 39 unused Assets / (0.6 MB). Loaded Objects now: 3932.
Memory consumption went from 388.0 MB to 387.4 MB.
Total: 5.651812 ms (FindLiveObjects: 0.446868 ms CreateObjectMapping: 0.332756 ms MarkObjects: 4.382196 ms  DeleteObjects: 0.488162 ms)

AssetImportParameters requested are different than current active one (requested -> active):
  custom:video-decoder-ogg-theora: a1e56fd34408186e4bbccfd4996cb3dc -> 
  custom:container-muxer-webm: aa71ff27fc2769a1b78a27578f13a17b -> 
  custom:container-demuxer-webm: 4f35f7cbe854078d1ac9338744f61a02 -> 
  custom:video-encoder-webm-vp8: eb34c28f22e8b96e1ab97ce403110664 -> 
  custom:framework-osx-AVFoundation: e770b220cccbd017edd2c1fefb359320 -> 
  custom:audio-encoder-webm-vorbis: bf7c407c2cedff20999df2af8eb42d56 -> 
  custom:container-demuxer-ogg: 62fdf1f143b41e24485cea50d1cbac27 -> 
  custom:video-decoder-webm-vp8: 9c59270c3fd7afecdb556c50c9e8de78 -> 
  custom:audio-decoder-ogg-vorbis: bf7c407c2cedff20999df2af8eb42d56 -> 
========================================================================
Received Prepare
Registering precompiled user dll's ...
Registered in 0.005499 seconds.
Begin MonoManager ReloadAssembly
Symbol file LoadedFromMemory doesn't match image /Users/Dmitry/Unity/Z Project/Library/PackageCache/com.unity.visualscripting@1.7.5/Editor/VisualScripting.Core/Dependencies/YamlDotNet/Unity.VisualScripting.YamlDotNet.dll
Symbol file LoadedFromMemory doesn't match image /Users/Dmitry/Unity/Z Project/Library/PackageCache/com.unity.visualscripting@1.7.5/Editor/VisualScripting.Core/Dependencies/DotNetZip/Unity.VisualScripting.IonicZip.dll
Native extension for OSXStandalone target not found
Refreshing native plugins compatible for Editor in 1.46 ms, found 2 plugins.
Preloading 0 native plugins for Editor in 0.00 ms.
Mono: successfully reloaded assembly
- Completed reload, in  2.091 seconds
Domain Reload Profiling:
	ReloadAssembly (2093ms)
		BeginReloadAssembly (194ms)
			ExecutionOrderSort (0ms)
			DisableScriptedObjects (8ms)
			BackupInstance (0ms)
			ReleaseScriptingObjects (0ms)
			CreateAndSetChildDomain (90ms)
		EndReloadAssembly (1762ms)
			LoadAssemblies (95ms)
			RebuildTransferFunctionScriptingTraits (0ms)
			SetupTypeCache (385ms)
			ReleaseScriptCaches (1ms)
			RebuildScriptCaches (67ms)
			SetupLoadedEditorAssemblies (998ms)
				LogAssemblyErrors (0ms)
				InitializePlatformSupportModulesInManaged (15ms)
				SetLoadedEditorAssemblies (1ms)
				RefreshPlugins (2ms)
				BeforeProcessingInitializeOnLoad (96ms)
				ProcessInitializeOnLoadAttributes (844ms)
				ProcessInitializeOnLoadMethodAttributes (38ms)
				AfterProcessingInitializeOnLoad (3ms)
				EditorAssembliesLoaded (0ms)
			ExecutionOrderSort2 (0ms)
			AwakeInstancesAfterBackupRestoration (9ms)
Platform modules already initialized, skipping
Switching build target platform(2) subTarget(0) extendedPlatform(0) -> platform(13) subTarget(0) extendedPlatform(0)
Refreshing native plugins compatible for Editor in 1.18 ms, found 2 plugins.
Preloading 0 native plugins for Editor in 0.00 ms.
Unloading 3385 Unused Serialized files (Serialized files now loaded: 0)
Unloading 37 unused Assets / (0.6 MB). Loaded Objects now: 3935.
Memory consumption went from 388.2 MB to 387.6 MB.
Total: 5.248733 ms (FindLiveObjects: 0.401072 ms CreateObjectMapping: 0.314207 ms MarkObjects: 4.062046 ms  DeleteObjects: 0.469881 ms)

AssetImportParameters requested are different than current active one (requested -> active):
  custom:video-decoder-ogg-theora: a1e56fd34408186e4bbccfd4996cb3dc -> 
  custom:container-muxer-webm: aa71ff27fc2769a1b78a27578f13a17b -> 
  custom:container-demuxer-webm: 4f35f7cbe854078d1ac9338744f61a02 -> 
  custom:video-encoder-webm-vp8: eb34c28f22e8b96e1ab97ce403110664 -> 
  custom:framework-osx-AVFoundation: e770b220cccbd017edd2c1fefb359320 -> 
  custom:audio-encoder-webm-vorbis: bf7c407c2cedff20999df2af8eb42d56 -> 
  custom:container-demuxer-ogg: 62fdf1f143b41e24485cea50d1cbac27 -> 
  custom:video-decoder-webm-vp8: 9c59270c3fd7afecdb556c50c9e8de78 -> 
  custom:audio-decoder-ogg-vorbis: bf7c407c2cedff20999df2af8eb42d56 -> 
========================================================================
Received Prepare
Registering precompiled user dll's ...
Registered in 0.005840 seconds.
Begin MonoManager ReloadAssembly
Symbol file LoadedFromMemory doesn't match image /Users/Dmitry/Unity/Z Project/Library/PackageCache/com.unity.visualscripting@1.7.5/Editor/VisualScripting.Core/Dependencies/YamlDotNet/Unity.VisualScripting.YamlDotNet.dll
Symbol file LoadedFromMemory doesn't match image /Users/Dmitry/Unity/Z Project/Library/PackageCache/com.unity.visualscripting@1.7.5/Editor/VisualScripting.Core/Dependencies/DotNetZip/Unity.VisualScripting.IonicZip.dll
Native extension for OSXStandalone target not found
Refreshing native plugins compatible for Editor in 1.08 ms, found 2 plugins.
Preloading 0 native plugins for Editor in 0.00 ms.
Mono: successfully reloaded assembly
- Completed reload, in  2.088 seconds
Domain Reload Profiling:
	ReloadAssembly (2089ms)
		BeginReloadAssembly (199ms)
			ExecutionOrderSort (0ms)
			DisableScriptedObjects (8ms)
			BackupInstance (0ms)
			ReleaseScriptingObjects (0ms)
			CreateAndSetChildDomain (94ms)
		EndReloadAssembly (1755ms)
			LoadAssemblies (93ms)
			RebuildTransferFunctionScriptingTraits (0ms)
			SetupTypeCache (376ms)
			ReleaseScriptCaches (1ms)
			RebuildScriptCaches (71ms)
			SetupLoadedEditorAssemblies (984ms)
				LogAssemblyErrors (0ms)
				InitializePlatformSupportModulesInManaged (11ms)
				SetLoadedEditorAssemblies (1ms)
				RefreshPlugins (1ms)
				BeforeProcessingInitializeOnLoad (72ms)
				ProcessInitializeOnLoadAttributes (847ms)
				ProcessInitializeOnLoadMethodAttributes (49ms)
				AfterProcessingInitializeOnLoad (3ms)
				EditorAssembliesLoaded (0ms)
			ExecutionOrderSort2 (0ms)
			AwakeInstancesAfterBackupRestoration (11ms)
Platform modules already initialized, skipping
Switching build target platform(2) subTarget(0) extendedPlatform(0) -> platform(13) subTarget(0) extendedPlatform(0)
Refreshing native plugins compatible for Editor in 1.12 ms, found 2 plugins.
Preloading 0 native plugins for Editor in 0.00 ms.
Unloading 3385 Unused Serialized files (Serialized files now loaded: 0)
Unloading 37 unused Assets / (0.6 MB). Loaded Objects now: 3938.
Memory consumption went from 388.4 MB to 387.8 MB.
Total: 8.271548 ms (FindLiveObjects: 0.386784 ms CreateObjectMapping: 0.304444 ms MarkObjects: 7.004713 ms  DeleteObjects: 0.573908 ms)

AssetImportParameters requested are different than current active one (requested -> active):
  custom:video-decoder-ogg-theora: a1e56fd34408186e4bbccfd4996cb3dc -> 
  custom:container-muxer-webm: aa71ff27fc2769a1b78a27578f13a17b -> 
  custom:container-demuxer-webm: 4f35f7cbe854078d1ac9338744f61a02 -> 
  custom:video-encoder-webm-vp8: eb34c28f22e8b96e1ab97ce403110664 -> 
  custom:framework-osx-AVFoundation: e770b220cccbd017edd2c1fefb359320 -> 
  custom:audio-encoder-webm-vorbis: bf7c407c2cedff20999df2af8eb42d56 -> 
  custom:container-demuxer-ogg: 62fdf1f143b41e24485cea50d1cbac27 -> 
  custom:video-decoder-webm-vp8: 9c59270c3fd7afecdb556c50c9e8de78 -> 
  custom:audio-decoder-ogg-vorbis: bf7c407c2cedff20999df2af8eb42d56 -> 
========================================================================
Received Prepare
Registering precompiled user dll's ...
Registered in 0.005906 seconds.
Begin MonoManager ReloadAssembly
Symbol file LoadedFromMemory doesn't match image /Users/Dmitry/Unity/Z Project/Library/PackageCache/com.unity.visualscripting@1.7.5/Editor/VisualScripting.Core/Dependencies/YamlDotNet/Unity.VisualScripting.YamlDotNet.dll
Symbol file LoadedFromMemory doesn't match image /Users/Dmitry/Unity/Z Project/Library/PackageCache/com.unity.visualscripting@1.7.5/Editor/VisualScripting.Core/Dependencies/DotNetZip/Unity.VisualScripting.IonicZip.dll
Native extension for OSXStandalone target not found
Refreshing native plugins compatible for Editor in 1.52 ms, found 2 plugins.
Preloading 0 native plugins for Editor in 0.00 ms.
Mono: successfully reloaded assembly
- Completed reload, in  2.096 seconds
Domain Reload Profiling:
	ReloadAssembly (2097ms)
		BeginReloadAssembly (194ms)
			ExecutionOrderSort (0ms)
			DisableScriptedObjects (7ms)
			BackupInstance (0ms)
			ReleaseScriptingObjects (0ms)
			CreateAndSetChildDomain (90ms)
		EndReloadAssembly (1767ms)
			LoadAssemblies (96ms)
			RebuildTransferFunctionScriptingTraits (0ms)
			SetupTypeCache (391ms)
			ReleaseScriptCaches (1ms)
			RebuildScriptCaches (67ms)
			SetupLoadedEditorAssemblies (995ms)
				LogAssemblyErrors (0ms)
				InitializePlatformSupportModulesInManaged (15ms)
				SetLoadedEditorAssemblies (1ms)
				RefreshPlugins (2ms)
				BeforeProcessingInitializeOnLoad (97ms)
				ProcessInitializeOnLoadAttributes (839ms)
				ProcessInitializeOnLoadMethodAttributes (38ms)
				AfterProcessingInitializeOnLoad (2ms)
				EditorAssembliesLoaded (0ms)
			ExecutionOrderSort2 (0ms)
			AwakeInstancesAfterBackupRestoration (9ms)
Platform modules already initialized, skipping
Switching build target platform(2) subTarget(0) extendedPlatform(0) -> platform(13) subTarget(0) extendedPlatform(0)
Refreshing native plugins compatible for Editor in 1.26 ms, found 2 plugins.
Preloading 0 native plugins for Editor in 0.00 ms.
Unloading 3385 Unused Serialized files (Serialized files now loaded: 0)
Unloading 37 unused Assets / (0.6 MB). Loaded Objects now: 3941.
Memory consumption went from 388.6 MB to 388.1 MB.
Total: 5.177201 ms (FindLiveObjects: 0.400334 ms CreateObjectMapping: 0.293294 ms MarkObjects: 4.041917 ms  DeleteObjects: 0.440086 ms)

AssetImportParameters requested are different than current active one (requested -> active):
  custom:video-decoder-ogg-theora: a1e56fd34408186e4bbccfd4996cb3dc -> 
  custom:container-muxer-webm: aa71ff27fc2769a1b78a27578f13a17b -> 
  custom:container-demuxer-webm: 4f35f7cbe854078d1ac9338744f61a02 -> 
  custom:video-encoder-webm-vp8: eb34c28f22e8b96e1ab97ce403110664 -> 
  custom:framework-osx-AVFoundation: e770b220cccbd017edd2c1fefb359320 -> 
  custom:audio-encoder-webm-vorbis: bf7c407c2cedff20999df2af8eb42d56 -> 
  custom:container-demuxer-ogg: 62fdf1f143b41e24485cea50d1cbac27 -> 
  custom:video-decoder-webm-vp8: 9c59270c3fd7afecdb556c50c9e8de78 -> 
  custom:audio-decoder-ogg-vorbis: bf7c407c2cedff20999df2af8eb42d56 -> 
